SF:lib/core/i_list.dart
DA:6,5
DA:7,10
DA:10,5
DA:12,1
DA:13,2
DA:14,2
DA:17,1
DA:18,9
DA:21,1
DA:22,5
DA:25,1
DA:26,5
DA:29,1
DA:30,9
DA:33,1
DA:34,2
DA:37,1
DA:38,1
DA:39,1
DA:43,1
DA:44,1
DA:45,3
DA:46,1
DA:48,2
DA:49,1
DA:52,2
DA:57,2
DA:60,1
DA:61,1
DA:64,1
DA:65,2
DA:69,1
DA:70,1
DA:71,2
DA:75,1
DA:78,1
DA:79,9
DA:82,1
DA:83,1
DA:84,1
DA:87,3
DA:88,6
LF:42
LH:42
end_of_record
SF:lib/data/read/read_datasource.dart
DA:12,1
DA:15,1
DA:40,3
DA:42,2
DA:46,2
DA:49,2
DA:51,2
LF:7
LH:7
end_of_record
SF:lib/data/read/repository.dart
DA:17,1
DA:20,1
DA:25,3
DA:26,1
DA:27,1
LF:5
LH:5
end_of_record
SF:lib/domain/read/entities/read_response.dart
DA:12,1
DA:13,1
LF:2
LH:2
end_of_record
SF:lib/application/list_entities/list_entities_cubit.dart
DA:8,1
DA:9,2
DA:11,1
DA:12,3
DA:14,1
DA:15,0
DA:16,1
DA:17,2
LF:8
LH:7
end_of_record
SF:lib/application/list_entities/list_entities_state.dart
DA:12,2
DA:13,1
LF:2
LH:2
end_of_record
SF:lib/domain/read/usecases/list_entities_of_kind.dart
DA:9,1
DA:11,1
DA:14,3
LF:3
LH:3
end_of_record