SF:lib/core/i_list.dart
DA:6,5
DA:7,10
DA:10,5
DA:12,1
DA:13,2
DA:14,2
DA:17,1
DA:18,9
DA:21,1
DA:22,5
DA:25,1
DA:26,5
DA:29,1
DA:30,9
DA:33,1
DA:34,2
DA:37,1
DA:38,1
DA:39,1
DA:43,1
DA:44,1
DA:45,3
DA:46,1
DA:48,2
DA:49,1
DA:52,2
DA:57,2
DA:60,1
DA:61,1
DA:64,1
DA:65,2
DA:69,1
DA:70,1
DA:71,2
DA:75,1
DA:78,1
DA:79,9
DA:82,1
DA:83,1
DA:84,1
DA:87,3
DA:88,6
LF:42
LH:42
end_of_record
SF:lib/core/failures/read_failure.freezed.dart
DA:10,0
DA:14,0
DA:17,0
DA:22,0
DA:66,0
DA:84,0
DA:86,0
DA:88,0
DA:89,0
DA:94,0
DA:96,0
DA:101,1
DA:103,0
DA:106,0
DA:107,0
DA:109,0
DA:115,0
DA:116,0
DA:117,0
DA:120,0
DA:127,0
DA:129,0
DA:131,0
DA:134,0
DA:140,0
DA:141,0
DA:142,0
DA:145,0
DA:152,0
DA:154,0
DA:156,0
DA:174,0
DA:176,0
DA:178,0
DA:179,0
DA:184,0
DA:186,0
DA:191,1
DA:193,0
DA:196,0
DA:197,0
DA:199,0
DA:205,0
DA:206,0
DA:207,0
DA:210,0
DA:217,0
DA:219,0
DA:221,0
DA:224,0
DA:230,0
DA:231,0
DA:232,0
DA:235,0
DA:242,0
DA:244,0
DA:246,0
LF:57
LH:2
end_of_record
SF:lib/data/read/read_datasource.dart
DA:12,1
DA:15,1
DA:40,3
DA:42,2
DA:46,2
DA:49,2
DA:51,2
LF:7
LH:7
end_of_record
SF:lib/data/read/repository.dart
DA:17,1
DA:20,1
DA:25,3
DA:26,1
DA:27,1
LF:5
LH:5
end_of_record
SF:lib/domain/read/entities/read_response.freezed.dart
DA:10,0
DA:11,1
DA:12,1
DA:17,0
DA:20,0
DA:21,0
DA:27,0
DA:28,0
DA:54,0
DA:60,0
DA:64,0
DA:65,0
DA:66,0
DA:85,0
DA:87,0
DA:89,0
DA:90,0
DA:92,0
DA:96,0
DA:97,0
DA:98,0
DA:108,1
DA:109,0
DA:111,1
DA:112,1
DA:117,0
DA:119,0
DA:122,0
DA:125,0
DA:126,0
DA:128,0
DA:131,0
DA:133,0
DA:135,0
DA:137,0
DA:139,0
DA:141,0
LF:37
LH:5
end_of_record
SF:lib/domain/read/entities/read_response.dart
DA:12,1
DA:13,1
LF:2
LH:2
end_of_record
SF:lib/domain/read/entities/read_response.g.dart
DA:9,1
DA:10,1
DA:11,1
DA:12,2
DA:13,1
DA:17,0
DA:18,0
DA:19,0
LF:8
LH:5
end_of_record
SF:lib/application/list_entities/list_entities_cubit.dart
DA:8,1
DA:9,2
DA:11,1
DA:12,3
DA:14,1
DA:15,0
DA:16,1
DA:17,2
LF:8
LH:7
end_of_record
SF:lib/application/list_entities/list_entities_state.freezed.dart
DA:10,0
DA:14,0
DA:17,0
DA:18,0
DA:46,0
DA:52,0
DA:56,0
DA:57,0
DA:58,0
DA:78,0
DA:80,0
DA:82,0
DA:83,0
DA:85,0
DA:89,0
DA:90,0
DA:91,0
DA:99,1
DA:100,0
DA:105,1
DA:107,2
DA:110,1
DA:113,1
DA:114,2
DA:116,3
DA:119,0
DA:121,0
DA:123,0
DA:125,0
LF:29
LH:7
end_of_record
SF:lib/application/list_entities/list_entities_state.dart
DA:12,2
DA:13,1
LF:2
LH:2
end_of_record
SF:lib/domain/read/usecases/list_entities_of_kind.dart
DA:9,1
DA:11,1
DA:14,3
LF:3
LH:3
end_of_record
